Build started 10-3-2014 19:14:24.
     1>Project "c:\Users\Velocity\documents\visual studio 2013\Projects\RSC++\RSC++\RSC++.vcxproj" on node 2 (Rebuild target(s)).
     1>ClCompile:
         C:\Program Files (x86)\Microsoft Visual Studio 12.0\VC\bin\CL.exe /c /ZI /nologo /W3 /WX- /sdl /Od /Oy- /D CODE_ANALYSIS /D _MBCS /Gm /EHsc /RTC1 /MDd /GS /fp:precise /Zc:wchar_t /Zc:forScope /Fo"Debug\\" /Fd"Debug\vc120.pdb" /Gd /TP /analyze /analyze:plugin"C:\Program Files (x86)\Microsoft Visual Studio 12.0\VC\\bin\localespc.dll" /errorReport:prompt   /analyze:quiet ClientSocket.cpp Main.cpp ServerSocket.cpp
         ServerSocket.cpp
         Main.cpp
         ClientSocket.cpp
         Running Code Analysis for C/C++...
         Generating Code...
     1>c:\users\velocity\documents\visual studio 2013\projects\rsc++\rsc++\serversocket.cpp(62): warning C4715: 'ServerSocket::acceptSocket' : not all control paths return a value
       Link:
         C:\Program Files (x86)\Microsoft Visual Studio 12.0\VC\bin\link.exe /ERRORREPORT:PROMPT /OUT:"c:\users\velocity\documents\visual studio 2013\Projects\RSC++\Debug\RSC++.exe" /INCREMENTAL /NOLOGO kernel32.lib user32.lib gdi32.lib winspool.lib comdlg32.lib advapi32.lib shell32.lib ole32.lib oleaut32.lib uuid.lib odbc32.lib odbccp32.lib /MANIFEST /MANIFESTUAC:"level='asInvoker' uiAccess='false'" /manifest:embed /DEBUG /PDB:"c:\users\velocity\documents\visual studio 2013\Projects\RSC++\Debug\RSC++.pdb" /TLBID:1 /DYNAMICBASE /NXCOMPAT /IMPLIB:"c:\users\velocity\documents\visual studio 2013\Projects\RSC++\Debug\RSC++.lib" /MACHINE:X86 Debug\ClientSocket.obj
         Debug\Main.obj
         Debug\ServerSocket.obj
         RSC++.vcxproj -> c:\users\velocity\documents\visual studio 2013\Projects\RSC++\Debug\RSC++.exe
     1>c:\users\velocity\documents\visual studio 2013\projects\rsc++\rsc++\main.cpp(19): warning C6387: 'buffer' could be '0':  this does not adhere to the specification for the function 'recv'. 
     1>c:\users\velocity\documents\visual studio 2013\projects\rsc++\rsc++\serversocket.cpp(5): warning C28193: 'res' holds a value that must be examined.
     1>Done Building Project "c:\Users\Velocity\documents\visual studio 2013\Projects\RSC++\RSC++\RSC++.vcxproj" (Rebuild target(s)).

Build succeeded.

Time Elapsed 00:00:17.25
