Build started 5/12/2014 1:34:38 AM.
     1>Project "C:\Users\Bart\Dropbox\RSC++\RSC++\RSC++.vcxproj" on node 2 (Build target(s)).
     1>ClCompile:
         C:\Program Files (x86)\Microsoft Visual Studio 12.0\VC\bin\x86_amd64\CL.exe /c /Zi /nologo /W3 /WX- /sdl /O2 /Oi /GL /D _MBCS /Gm- /EHsc /MD /GS /Gy /fp:precise /Zc:wchar_t /Zc:forScope /Fo"x64\Release\\" /Fd"x64\Release\vc120.pdb" /Gd /TP /errorReport:prompt ClientSocket.cpp Decoder.cpp Logging.cpp Main.cpp Packet.cpp PacketSender.cpp PendingPacket.cpp Player.cpp PlayerUpdater.cpp ServerSocket.cpp World.cpp
         ClientSocket.cpp
         Decoder.cpp
         Logging.cpp
         Main.cpp
         Packet.cpp
     1>Packet.cpp(58): warning C4244: '=' : conversion from 'uint64_t' to 'uint8_t', possible loss of data
     1>Packet.cpp(59): warning C4244: '=' : conversion from 'uint64_t' to 'uint8_t', possible loss of data
     1>Packet.cpp(60): warning C4244: '=' : conversion from 'uint64_t' to 'uint8_t', possible loss of data
     1>Packet.cpp(61): warning C4244: '=' : conversion from 'uint64_t' to 'uint8_t', possible loss of data
     1>Packet.cpp(62): warning C4244: '=' : conversion from 'uint64_t' to 'uint8_t', possible loss of data
     1>Packet.cpp(63): warning C4244: '=' : conversion from 'uint64_t' to 'uint8_t', possible loss of data
         PacketSender.cpp
         PendingPacket.cpp
         Player.cpp
         PlayerUpdater.cpp
         ServerSocket.cpp
         World.cpp
       Link:
         C:\Program Files (x86)\Microsoft Visual Studio 12.0\VC\bin\x86_amd64\link.exe /ERRORREPORT:PROMPT /OUT:"C:\Users\Bart\Dropbox\RSC++\x64\Release\RSC++.exe" /NOLOGO kernel32.lib user32.lib gdi32.lib winspool.lib comdlg32.lib advapi32.lib shell32.lib ole32.lib oleaut32.lib uuid.lib odbc32.lib odbccp32.lib /MANIFEST /MANIFESTUAC:"level='asInvoker' uiAccess='false'" /manifest:embed /DEBUG /PDB:"C:\Users\Bart\Dropbox\RSC++\x64\Release\RSC++.pdb" /OPT:REF /OPT:ICF /LTCG /TLBID:1 /DYNAMICBASE /NXCOMPAT /IMPLIB:"C:\Users\Bart\Dropbox\RSC++\x64\Release\RSC++.lib" /MACHINE:X64 x64\Release\ClientSocket.obj
         x64\Release\Decoder.obj
         x64\Release\Logging.obj
         x64\Release\Main.obj
         x64\Release\Packet.obj
         x64\Release\PacketSender.obj
         x64\Release\PendingPacket.obj
         x64\Release\Player.obj
         x64\Release\PlayerUpdater.obj
         x64\Release\ServerSocket.obj
         x64\Release\World.obj
         Generating code
         Finished generating code
         RSC++.vcxproj -> C:\Users\Bart\Dropbox\RSC++\x64\Release\RSC++.exe
     1>Done Building Project "C:\Users\Bart\Dropbox\RSC++\RSC++\RSC++.vcxproj" (Build target(s)).

Build succeeded.

Time Elapsed 00:00:06.75
