c:\users\bart\dropbox\rsc++\rsc++\x64\debug\vc120.pdb
c:\users\bart\dropbox\rsc++\rsc++\x64\debug\vc120.idb
c:\users\bart\dropbox\rsc++\rsc++\x64\debug\clientsocket.obj
c:\users\bart\dropbox\rsc++\rsc++\x64\debug\decoder.obj
c:\users\bart\dropbox\rsc++\rsc++\x64\debug\logging.obj
c:\users\bart\dropbox\rsc++\rsc++\x64\debug\main.obj
c:\users\bart\dropbox\rsc++\rsc++\x64\debug\packet.obj
c:\users\bart\dropbox\rsc++\rsc++\x64\debug\packetsender.obj
c:\users\bart\dropbox\rsc++\rsc++\x64\debug\player.obj
c:\users\bart\dropbox\rsc++\rsc++\x64\debug\serversocket.obj
c:\users\bart\dropbox\rsc++\rsc++\x64\debug\world.obj
c:\users\bart\dropbox\rsc++\rsc++\x64\debug\playerupdater.obj
c:\users\bart\dropbox\rsc++\rsc++\x64\debug\pendingpacket.obj
c:\users\bart\dropbox\rsc++\rsc++\x64\debug\tile.obj
c:\users\bart\dropbox\rsc++\rsc++\x64\debug\updateset.obj
c:\users\bart\dropbox\rsc++\rsc++\x64\debug\looks.obj
c:\users\bart\dropbox\rsc++\rsc++\x64\debug\utils.obj
c:\users\bart\dropbox\rsc++\x64\debug\rsc++.ilk
c:\users\bart\dropbox\rsc++\x64\debug\rsc++.exe
c:\users\bart\dropbox\rsc++\x64\debug\rsc++.pdb
c:\users\bart\dropbox\rsc++\rsc++\x64\debug\rsc++.tlog\cl.command.1.tlog
c:\users\bart\dropbox\rsc++\rsc++\x64\debug\rsc++.tlog\cl.read.1.tlog
c:\users\bart\dropbox\rsc++\rsc++\x64\debug\rsc++.tlog\cl.write.1.tlog
c:\users\bart\dropbox\rsc++\rsc++\x64\debug\rsc++.tlog\link.command.1.tlog
c:\users\bart\dropbox\rsc++\rsc++\x64\debug\rsc++.tlog\link.read.1.tlog
c:\users\bart\dropbox\rsc++\rsc++\x64\debug\rsc++.tlog\link.write.1.tlog
