Build started 5/17/2014 4:36:52 PM.
     1>Project "C:\Users\Bart\Dropbox\RSC++\RSC++\RSC++.vcxproj" on node 2 (Build target(s)).
     1>ClCompile:
         C:\Program Files (x86)\Microsoft Visual Studio 12.0\VC\bin\x86_amd64\CL.exe /c /Zi /nologo /W3 /WX- /sdl /Od /D _MBCS /Gm /EHsc /RTC1 /MDd /GS /fp:precise /Zc:wchar_t /Zc:forScope /Fo"x64\Debug\\" /Fd"x64\Debug\vc120.pdb" /Gd /TP /errorReport:prompt PlayerUpdater.cpp
         PlayerUpdater.cpp
       Link:
         C:\Program Files (x86)\Microsoft Visual Studio 12.0\VC\bin\x86_amd64\link.exe /ERRORREPORT:PROMPT /OUT:"C:\Users\Bart\Dropbox\RSC++\x64\Debug\RSC++.exe" /INCREMENTAL /NOLOGO kernel32.lib user32.lib gdi32.lib winspool.lib comdlg32.lib advapi32.lib shell32.lib ole32.lib oleaut32.lib uuid.lib odbc32.lib odbccp32.lib /MANIFEST /MANIFESTUAC:"level='asInvoker' uiAccess='false'" /manifest:embed /DEBUG /PDB:"C:\Users\Bart\Dropbox\RSC++\x64\Debug\RSC++.pdb" /TLBID:1 /DYNAMICBASE /NXCOMPAT /IMPLIB:"C:\Users\Bart\Dropbox\RSC++\x64\Debug\RSC++.lib" /MACHINE:X64 x64\Debug\ClientSocket.obj
         x64\Debug\CommandProcessor.obj
         x64\Debug\Decoder.obj
         x64\Debug\Logging.obj
         x64\Debug\Looks.obj
         x64\Debug\Main.obj
         x64\Debug\MovementProcessor.obj
         x64\Debug\Packet.obj
         x64\Debug\PacketSender.obj
         x64\Debug\PendingPacket.obj
         x64\Debug\Player.obj
         x64\Debug\PlayerUpdater.obj
         x64\Debug\ServerSocket.obj
         x64\Debug\Tile.obj
         x64\Debug\UpdateSet.obj
         x64\Debug\Utils.obj
         x64\Debug\World.obj
         RSC++.vcxproj -> C:\Users\Bart\Dropbox\RSC++\x64\Debug\RSC++.exe
     1>Done Building Project "C:\Users\Bart\Dropbox\RSC++\RSC++\RSC++.vcxproj" (Build target(s)).

Build succeeded.

Time Elapsed 00:00:00.91
